<?xml version="1.0"?>
<testsuites name="Tests" time="0.54" tests="6" failures="1" disabled="0" errors="0">
  <testsuite name="Everything" time="0.272" tests="2" failures="0" disabled="0" skipped="0" errors="0" hostname="stoketoday-lm" timestamp="2014-11-04T07:13:46.655Z">
    <testcase name="should know the answer to life, the universe, and everything" time="0.001"/>
    <testsuite name="The End" time="0.001" tests="1" failures="0" disabled="0" skipped="0" errors="0" hostname="stoketoday-lm" timestamp="2014-11-04T07:13:46.925Z">
      <testcase name="should print something" time="0.001"/>
    </testsuite>
  </testsuite>
  <testsuite name="Calculations" time="0.271" tests="2" failures="1" disabled="0" skipped="0" errors="0" hostname="stoketoday-lm" timestamp="2014-11-04T07:13:46.660Z">
    <testcase name="should find all there is" time="0.003">
      <failure type="54 == 42" message="AssertionError: 54 == 42&#xA;    at Context.&lt;anonymous> (/Users/erz/test/preceptor/examples/simple/mocha/test2.js:5:9)&#xA;    at callFn (/Users/erz/test/preceptor/node_modules/mocha/lib/runnable.js:249:21)&#xA;    at Test.Runnable.run (/Users/erz/test/preceptor/node_modules/mocha/lib/runnable.js:242:7)&#xA;    at Runner.runTest (/Users/erz/test/preceptor/node_modules/mocha/lib/runner.js:373:10)&#xA;    at /Users/erz/test/preceptor/node_modules/mocha/lib/runner.js:451:12&#xA;    at next (/Users/erz/test/preceptor/node_modules/mocha/lib/runner.js:298:14)&#xA;    at /Users/erz/test/preceptor/node_modules/mocha/lib/runner.js:308:7&#xA;    at next (/Users/erz/test/preceptor/node_modules/mocha/lib/runner.js:246:23)&#xA;    at /Users/erz/test/preceptor/node_modules/mocha/lib/runner.js:270:7&#xA;    at done (/Users/erz/test/preceptor/node_modules/mocha/lib/runnable.js:205:5)&#xA;    at /Users/erz/test/preceptor/node_modules/mocha/lib/runnable.js:225:9&#xA;    at /Users/erz/test/preceptor/lib/task/client/mocha.js:52:7&#xA;    at /Users/erz/test/preceptor/node_modules/promise/lib/es6-extensions.js:18:19&#xA;    at flush (/Users/erz/test/preceptor/node_modules/promise/node_modules/asap/asap.js:27:13)&#xA;    at process._tickCallback (node.js:419:13)"/>
    </testcase>
    <testcase name="should calculate the worst first million years for marvin" time="0"/>
  </testsuite>
  <testsuite name="Phrasing" time="0.26" tests="2" failures="0" disabled="0" skipped="0" errors="0" hostname="stoketoday-lm" timestamp="2014-11-04T07:13:46.931Z">
    <testcase name="should not panic" time="0.001"/>
    <testcase name="should panic" time="0.001"/>
  </testsuite>
</testsuites>
